c:\users\seth\documents\github\compsigh\template\databaseaccess\debug\databaseaccess.pch
c:\users\seth\documents\github\compsigh\template\databaseaccess\debug\vc140.pdb
c:\users\seth\documents\github\compsigh\template\databaseaccess\debug\vc140.idb
c:\users\seth\documents\github\compsigh\template\databaseaccess\debug\pch.obj
c:\users\seth\documents\github\compsigh\template\databaseaccess\debug\databaseaccess.obj
c:\users\seth\documents\github\compsigh\template\databaseaccess\debug\dllmain.obj
c:\users\seth\documents\github\compsigh\template\databaseaccess\debug\testalgorithm.obj
c:\users\seth\documents\github\compsigh\template\debug\databaseaccess\databaseaccess.lib
c:\users\seth\documents\github\compsigh\template\debug\databaseaccess\databaseaccess.exp
c:\users\seth\documents\github\compsigh\template\databaseaccess\debug\resourcehandlingtask.state
c:\users\seth\documents\github\compsigh\template\databaseaccess\debug\priconfig.xml
c:\users\seth\documents\github\compsigh\template\databaseaccess\debug\priconfig.xml.intermediate
c:\users\seth\documents\github\compsigh\template\databaseaccess\debug\layout.resfiles
c:\users\seth\documents\github\compsigh\template\databaseaccess\debug\layout.resfiles.intermediate
c:\users\seth\documents\github\compsigh\template\databaseaccess\debug\resources.resfiles
c:\users\seth\documents\github\compsigh\template\databaseaccess\debug\resources.resfiles.intermediate
c:\users\seth\documents\github\compsigh\template\databaseaccess\debug\pri.resfiles
c:\users\seth\documents\github\compsigh\template\databaseaccess\debug\pri.resfiles.intermediate
c:\users\seth\documents\github\compsigh\template\debug\databaseaccess\databaseaccess.pri
c:\users\seth\documents\github\compsigh\template\databaseaccess\debug\qualifiers.txt
c:\users\seth\documents\github\compsigh\template\databaseaccess\debug\qualifiers.txt.intermediate
c:\users\seth\documents\github\compsigh\template\databaseaccess\debug\multiplequalifiersperdimensionfound.txt
c:\users\seth\documents\github\compsigh\template\debug\databaseaccess\databaseaccess.ilk
c:\users\seth\documents\github\compsigh\template\debug\databaseaccess\databaseaccess.dll
c:\users\seth\documents\github\compsigh\template\debug\databaseaccess\databaseaccess.pdb
c:\users\seth\documents\github\compsigh\template\databaseaccess\debug\embed.resfiles
c:\users\seth\documents\github\compsigh\template\databaseaccess\debug\databaseaccess.tlog\cl.command.1.tlog
c:\users\seth\documents\github\compsigh\template\databaseaccess\debug\databaseaccess.tlog\cl.read.1.tlog
c:\users\seth\documents\github\compsigh\template\databaseaccess\debug\databaseaccess.tlog\cl.write.1.tlog
c:\users\seth\documents\github\compsigh\template\databaseaccess\debug\databaseaccess.tlog\databaseaccess.read.1u.tlog
c:\users\seth\documents\github\compsigh\template\databaseaccess\debug\databaseaccess.tlog\databaseaccess.write.1u.tlog
c:\users\seth\documents\github\compsigh\template\databaseaccess\debug\databaseaccess.tlog\link.10588.delete.1.tlog
c:\users\seth\documents\github\compsigh\template\databaseaccess\debug\databaseaccess.tlog\link.16876.delete.1.tlog
c:\users\seth\documents\github\compsigh\template\databaseaccess\debug\databaseaccess.tlog\link.7768.delete.1.tlog
c:\users\seth\documents\github\compsigh\template\databaseaccess\debug\databaseaccess.tlog\link.command.1.tlog
c:\users\seth\documents\github\compsigh\template\databaseaccess\debug\databaseaccess.tlog\link.read.1.tlog
c:\users\seth\documents\github\compsigh\template\databaseaccess\debug\databaseaccess.tlog\link.write.1.tlog
